<?xml version="1.0" encoding="UTF-8"?>
<!-- Generated by org.testng.reporters.JUnitReportReporter -->
<testsuite skipped="0" hostname="valentyna" name="scripts.TGLoginFormTest" tests="7" failures="0" timestamp="2023-01-24T13:42:32 CST" time="26.035" errors="0">
  <testcase name="validateLoginForm" time="3.568" classname="scripts.TGLoginFormTest"/>
  <system-out/>
  <testcase name="validateTechGlobalLoginFormCardValidLogin" time="3.668" classname="scripts.TGLoginFormTest"/>
  <system-out/>
  <testcase name="validateTechGlobalLoginFormCardValidLoginAndLogOut" time="3.858" classname="scripts.TGLoginFormTest"/>
  <system-out/>
  <testcase name="validateLoginFormForgotPassword" time="3.559" classname="scripts.TGLoginFormTest"/>
  <system-out/>
  <testcase name="validateLoginFormResetPasswordLink" time="4.135" classname="scripts.TGLoginFormTest"/>
  <system-out/>
  <testcase name="validateLoginFormWithWrongUN" time="3.694" classname="scripts.TGLoginFormTest"/>
  <system-out/>
  <testcase name="validateLoginFormInvalidLoginWrongPassword" time="3.553" classname="scripts.TGLoginFormTest"/>
  <system-out/>
</testsuite> <!-- scripts.TGLoginFormTest -->
